# JRE version: OpenJDK Runtime Environment (17.0.7) (build 17.0.7+0-b2043.56-10550314)
# Java VM: OpenJDK 64-Bit Server VM (17.0.7+0-b2043.56-10550314, mixed mode, tiered, compressed oops, compressed class ptrs, g1 gc, windows-amd64)
GC Precious Log:
 CPUs: 4 total, 4 available
 Memory: 7932M
 Large Page Support: Disabled
 NUMA Support: Disabled
 Compressed Oops: Enabled (32-bit)
 Heap Region Size: 1M
 Heap Min Capacity: 8M
 Heap Initial Capacity: 124M
 Heap Max Capacity: 1536M
 Pre-touch: Disabled
 Parallel Workers: 4
 Concurrent Workers: 1
 Concurrent Refinement Workers: 4
 Periodic GC: Disabled
Heap:
 garbage-first heap   total 259072K, used 201635K [0x00000000a0000000, 0x0000000100000000)
  region size 1024K, 54 young (55296K), 9 survivors (9216K)
 Metaspace       used 98163K, committed 99264K, reserved 1179648K
  class space    used 13272K, committed 13760K, reserved 1048576K
GC Heap History (20 events):
Event: 11.194 GC heap before
{Heap before GC invocations=31 (full 0):
 garbage-first heap   total 159744K, used 80863K [0x00000000a0000000, 0x0000000100000000)
  region size 1024K, 7 young (7168K), 5 survivors (5120K)
 Metaspace       used 73309K, committed 73920K, reserved 1114112K
  class space    used 9575K, committed 9856K, reserved 1048576K
}
Event: 11.200 GC heap after
{Heap after GC invocations=32 (full 0):
 garbage-first heap   total 159744K, used 78917K [0x00000000a0000000, 0x0000000100000000)
  region size 1024K, 1 young (1024K), 1 survivors (1024K)
 Metaspace       used 73309K, committed 73920K, reserved 1114112K
  class space    used 9575K, committed 9856K, reserved 1048576K
}
Event: 11.981 GC heap before
{Heap before GC invocations=32 (full 0):
 garbage-first heap   total 159744K, used 126021K [0x00000000a0000000, 0x0000000100000000)
  region size 1024K, 47 young (48128K), 1 survivors (1024K)
 Metaspace       used 78204K, committed 78912K, reserved 1179648K
  class space    used 10462K, committed 10752K, reserved 1048576K
}
Event: 11.984 GC heap after
{Heap after GC invocations=33 (full 0):
 garbage-first heap   total 159744K, used 80948K [0x00000000a0000000, 0x0000000100000000)
  region size 1024K, 3 young (3072K), 3 survivors (3072K)
 Metaspace       used 78204K, committed 78912K, reserved 1179648K
  class space    used 10462K, committed 10752K, reserved 1048576K
}
Event: 12.442 GC heap before
{Heap before GC invocations=33 (full 0):
 garbage-first heap   total 159744K, used 128052K [0x00000000a0000000, 0x0000000100000000)
  region size 1024K, 49 young (50176K), 3 survivors (3072K)
 Metaspace       used 80274K, committed 80960K, reserved 1179648K
  class space    used 10793K, committed 11136K, reserved 1048576K
}
Event: 12.455 GC heap after
{Heap after GC invocations=34 (full 0):
 garbage-first heap   total 159744K, used 86011K [0x00000000a0000000, 0x0000000100000000)
  region size 1024K, 7 young (7168K), 7 survivors (7168K)
 Metaspace       used 80274K, committed 80960K, reserved 1179648K
  class space    used 10793K, committed 11136K, reserved 1048576K
}
Event: 13.100 GC heap before
{Heap before GC invocations=34 (full 0):
 garbage-first heap   total 159744K, used 134139K [0x00000000a0000000, 0x0000000100000000)
  region size 1024K, 50 young (51200K), 7 survivors (7168K)
 Metaspace       used 81844K, committed 82560K, reserved 1179648K
  class space    used 11015K, committed 11328K, reserved 1048576K
}
Event: 13.115 GC heap after
{Heap after GC invocations=35 (full 0):
 garbage-first heap   total 159744K, used 97141K [0x00000000a0000000, 0x0000000100000000)
  region size 1024K, 7 young (7168K), 7 survivors (7168K)
 Metaspace       used 81844K, committed 82560K, reserved 1179648K
  class space    used 11015K, committed 11328K, reserved 1048576K
}
Event: 13.749 GC heap before
{Heap before GC invocations=35 (full 0):
 garbage-first heap   total 159744K, used 130933K [0x00000000a0000000, 0x0000000100000000)
  region size 1024K, 40 young (40960K), 7 survivors (7168K)
 Metaspace       used 83208K, committed 84032K, reserved 1179648K
  class space    used 11236K, committed 11584K, reserved 1048576K
}
Event: 13.763 GC heap after
{Heap after GC invocations=36 (full 0):
 garbage-first heap   total 259072K, used 103310K [0x00000000a0000000, 0x0000000100000000)
  region size 1024K, 5 young (5120K), 5 survivors (5120K)
 Metaspace       used 83208K, committed 84032K, reserved 1179648K
  class space    used 11236K, committed 11584K, reserved 1048576K
}
Event: 14.979 GC heap before
{Heap before GC invocations=37 (full 0):
 garbage-first heap   total 259072K, used 194446K [0x00000000a0000000, 0x0000000100000000)
  region size 1024K, 93 young (95232K), 5 survivors (5120K)
 Metaspace       used 84197K, committed 85184K, reserved 1179648K
  class space    used 11369K, committed 11776K, reserved 1048576K
}
Event: 15.002 GC heap after
{Heap after GC invocations=38 (full 0):
 garbage-first heap   total 259072K, used 120786K [0x00000000a0000000, 0x0000000100000000)
  region size 1024K, 12 young (12288K), 12 survivors (12288K)
 Metaspace       used 84197K, committed 85184K, reserved 1179648K
  class space    used 11369K, committed 11776K, reserved 1048576K
}
Event: 15.030 GC heap before
{Heap before GC invocations=38 (full 0):
 garbage-first heap   total 259072K, used 121810K [0x00000000a0000000, 0x0000000100000000)
  region size 1024K, 13 young (13312K), 12 survivors (12288K)
 Metaspace       used 84209K, committed 85184K, reserved 1179648K
  class space    used 11370K, committed 11776K, reserved 1048576K
}
Event: 15.043 GC heap after
{Heap after GC invocations=39 (full 0):
 garbage-first heap   total 259072K, used 123138K [0x00000000a0000000, 0x0000000100000000)
  region size 1024K, 2 young (2048K), 2 survivors (2048K)
 Metaspace       used 84209K, committed 85184K, reserved 1179648K
  class space    used 11370K, committed 11776K, reserved 1048576K
}
Event: 15.947 GC heap before
{Heap before GC invocations=39 (full 0):
 garbage-first heap   total 259072K, used 195842K [0x00000000a0000000, 0x0000000100000000)
  region size 1024K, 73 young (74752K), 2 survivors (2048K)
 Metaspace       used 91765K, committed 92800K, reserved 1179648K
  class space    used 12448K, committed 12864K, reserved 1048576K
}
Event: 15.959 GC heap after
{Heap after GC invocations=40 (full 0):
 garbage-first heap   total 259072K, used 129945K [0x00000000a0000000, 0x0000000100000000)
  region size 1024K, 9 young (9216K), 9 survivors (9216K)
 Metaspace       used 91765K, committed 92800K, reserved 1179648K
  class space    used 12448K, committed 12864K, reserved 1048576K
}
Event: 16.907 GC heap before
{Heap before GC invocations=40 (full 0):
 garbage-first heap   total 259072K, used 199577K [0x00000000a0000000, 0x0000000100000000)
  region size 1024K, 77 young (78848K), 9 survivors (9216K)
 Metaspace       used 93749K, committed 94784K, reserved 1179648K
  class space    used 12679K, committed 13120K, reserved 1048576K
}
Event: 16.933 GC heap after
{Heap after GC invocations=41 (full 0):
 garbage-first heap   total 259072K, used 145540K [0x00000000a0000000, 0x0000000100000000)
  region size 1024K, 10 young (10240K), 10 survivors (10240K)
 Metaspace       used 93749K, committed 94784K, reserved 1179648K
  class space    used 12679K, committed 13120K, reserved 1048576K
}
Event: 17.598 GC heap before
{Heap before GC invocations=41 (full 0):
 garbage-first heap   total 259072K, used 201860K [0x00000000a0000000, 0x0000000100000000)
  region size 1024K, 66 young (67584K), 10 survivors (10240K)
 Metaspace       used 97556K, committed 98624K, reserved 1179648K
  class space    used 13165K, committed 13632K, reserved 1048576K
}
Event: 17.617 GC heap after
{Heap after GC invocations=42 (full 0):
 garbage-first heap   total 259072K, used 155555K [0x00000000a0000000, 0x0000000100000000)
  region size 1024K, 9 young (9216K), 9 survivors (9216K)
 Metaspace       used 97556K, committed 98624K, reserved 1179648K
  class space    used 13165K, committed 13632K, reserved 1048576K
}

