# JRE version: OpenJDK Runtime Environment (17.0.9) (build 17.0.9+0--11185874)
# Java VM: OpenJDK 64-Bit Server VM (17.0.9+0--11185874, mixed mode, tiered, compressed oops, compressed class ptrs, g1 gc, windows-amd64)
GC Precious Log:
 CPUs: 4 total, 4 available
 Memory: 7932M
 Large Page Support: Disabled
 NUMA Support: Disabled
 Compressed Oops: Enabled (32-bit)
 Heap Region Size: 1M
 Heap Min Capacity: 8M
 Heap Initial Capacity: 124M
 Heap Max Capacity: 1536M
 Pre-touch: Disabled
 Parallel Workers: 4
 Concurrent Workers: 1
 Concurrent Refinement Workers: 4
 Periodic GC: Disabled
Heap:
 garbage-first heap   total 152576K, used 108141K [0x00000000a0000000, 0x0000000100000000)
  region size 1024K, 14 young (14336K), 5 survivors (5120K)
 Metaspace       used 83460K, committed 84224K, reserved 1179648K
  class space    used 11278K, committed 11584K, reserved 1048576K
GC Heap History (20 events):
Event: 17.495 GC heap before
{Heap before GC invocations=27 (full 0):
 garbage-first heap   total 126976K, used 97996K [0x00000000a0000000, 0x0000000100000000)
  region size 1024K, 32 young (32768K), 4 survivors (4096K)
 Metaspace       used 70993K, committed 71616K, reserved 1114112K
  class space    used 9190K, committed 9472K, reserved 1048576K
}
Event: 17.507 GC heap after
{Heap after GC invocations=28 (full 0):
 garbage-first heap   total 126976K, used 74345K [0x00000000a0000000, 0x0000000100000000)
  region size 1024K, 4 young (4096K), 4 survivors (4096K)
 Metaspace       used 70993K, committed 71616K, reserved 1114112K
  class space    used 9190K, committed 9472K, reserved 1048576K
}
Event: 17.665 GC heap before
{Heap before GC invocations=28 (full 0):
 garbage-first heap   total 126976K, used 76393K [0x00000000a0000000, 0x0000000100000000)
  region size 1024K, 6 young (6144K), 4 survivors (4096K)
 Metaspace       used 71120K, committed 71680K, reserved 1114112K
  class space    used 9207K, committed 9472K, reserved 1048576K
}
Event: 17.671 GC heap after
{Heap after GC invocations=29 (full 0):
 garbage-first heap   total 152576K, used 74815K [0x00000000a0000000, 0x0000000100000000)
  region size 1024K, 1 young (1024K), 1 survivors (1024K)
 Metaspace       used 71120K, committed 71680K, reserved 1114112K
  class space    used 9207K, committed 9472K, reserved 1048576K
}
Event: 18.092 GC heap before
{Heap before GC invocations=29 (full 0):
 garbage-first heap   total 152576K, used 111679K [0x00000000a0000000, 0x0000000100000000)
  region size 1024K, 38 young (38912K), 1 survivors (1024K)
 Metaspace       used 72217K, committed 72896K, reserved 1114112K
  class space    used 9422K, committed 9728K, reserved 1048576K
}
Event: 18.096 GC heap after
{Heap after GC invocations=30 (full 0):
 garbage-first heap   total 152576K, used 76360K [0x00000000a0000000, 0x0000000100000000)
  region size 1024K, 2 young (2048K), 2 survivors (2048K)
 Metaspace       used 72217K, committed 72896K, reserved 1114112K
  class space    used 9422K, committed 9728K, reserved 1048576K
}
Event: 19.244 GC heap before
{Heap before GC invocations=31 (full 0):
 garbage-first heap   total 152576K, used 116296K [0x00000000a0000000, 0x0000000100000000)
  region size 1024K, 41 young (41984K), 2 survivors (2048K)
 Metaspace       used 74221K, committed 74816K, reserved 1114112K
  class space    used 9713K, committed 9984K, reserved 1048576K
}
Event: 19.251 GC heap after
{Heap after GC invocations=32 (full 0):
 garbage-first heap   total 152576K, used 79831K [0x00000000a0000000, 0x0000000100000000)
  region size 1024K, 6 young (6144K), 6 survivors (6144K)
 Metaspace       used 74221K, committed 74816K, reserved 1114112K
  class space    used 9713K, committed 9984K, reserved 1048576K
}
Event: 19.262 GC heap before
{Heap before GC invocations=32 (full 0):
 garbage-first heap   total 152576K, used 80855K [0x00000000a0000000, 0x0000000100000000)
  region size 1024K, 7 young (7168K), 6 survivors (6144K)
 Metaspace       used 74300K, committed 74880K, reserved 1114112K
  class space    used 9723K, committed 9984K, reserved 1048576K
}
Event: 19.268 GC heap after
{Heap after GC invocations=33 (full 0):
 garbage-first heap   total 152576K, used 80032K [0x00000000a0000000, 0x0000000100000000)
  region size 1024K, 1 young (1024K), 1 survivors (1024K)
 Metaspace       used 74300K, committed 74880K, reserved 1114112K
  class space    used 9723K, committed 9984K, reserved 1048576K
}
Event: 20.011 GC heap before
{Heap before GC invocations=33 (full 0):
 garbage-first heap   total 152576K, used 118944K [0x00000000a0000000, 0x0000000100000000)
  region size 1024K, 39 young (39936K), 1 survivors (1024K)
 Metaspace       used 78521K, committed 79104K, reserved 1179648K
  class space    used 10495K, committed 10752K, reserved 1048576K
}
Event: 20.015 GC heap after
{Heap after GC invocations=34 (full 0):
 garbage-first heap   total 152576K, used 81352K [0x00000000a0000000, 0x0000000100000000)
  region size 1024K, 3 young (3072K), 3 survivors (3072K)
 Metaspace       used 78521K, committed 79104K, reserved 1179648K
  class space    used 10495K, committed 10752K, reserved 1048576K
}
Event: 20.784 GC heap before
{Heap before GC invocations=35 (full 0):
 garbage-first heap   total 152576K, used 120264K [0x00000000a0000000, 0x0000000100000000)
  region size 1024K, 41 young (41984K), 3 survivors (3072K)
 Metaspace       used 80284K, committed 80896K, reserved 1179648K
  class space    used 10792K, committed 11072K, reserved 1048576K
}
Event: 20.793 GC heap after
{Heap after GC invocations=36 (full 0):
 garbage-first heap   total 152576K, used 85492K [0x00000000a0000000, 0x0000000100000000)
  region size 1024K, 6 young (6144K), 6 survivors (6144K)
 Metaspace       used 80284K, committed 80896K, reserved 1179648K
  class space    used 10792K, committed 11072K, reserved 1048576K
}
Event: 20.810 GC heap before
{Heap before GC invocations=36 (full 0):
 garbage-first heap   total 152576K, used 86516K [0x00000000a0000000, 0x0000000100000000)
  region size 1024K, 7 young (7168K), 6 survivors (6144K)
 Metaspace       used 80335K, committed 80960K, reserved 1179648K
  class space    used 10800K, committed 11072K, reserved 1048576K
}
Event: 20.819 GC heap after
{Heap after GC invocations=37 (full 0):
 garbage-first heap   total 152576K, used 86023K [0x00000000a0000000, 0x0000000100000000)
  region size 1024K, 1 young (1024K), 1 survivors (1024K)
 Metaspace       used 80335K, committed 80960K, reserved 1179648K
  class space    used 10800K, committed 11072K, reserved 1048576K
}
Event: 21.689 GC heap before
{Heap before GC invocations=37 (full 0):
 garbage-first heap   total 152576K, used 122887K [0x00000000a0000000, 0x0000000100000000)
  region size 1024K, 37 young (37888K), 1 survivors (1024K)
 Metaspace       used 81876K, committed 82560K, reserved 1179648K
  class space    used 11016K, committed 11328K, reserved 1048576K
}
Event: 21.696 GC heap after
{Heap after GC invocations=38 (full 0):
 garbage-first heap   total 152576K, used 89318K [0x00000000a0000000, 0x0000000100000000)
  region size 1024K, 5 young (5120K), 5 survivors (5120K)
 Metaspace       used 81876K, committed 82560K, reserved 1179648K
  class space    used 11016K, committed 11328K, reserved 1048576K
}
Event: 22.661 GC heap before
{Heap before GC invocations=38 (full 0):
 garbage-first heap   total 152576K, used 127206K [0x00000000a0000000, 0x0000000100000000)
  region size 1024K, 38 young (38912K), 5 survivors (5120K)
 Metaspace       used 83266K, committed 84032K, reserved 1179648K
  class space    used 11262K, committed 11584K, reserved 1048576K
}
Event: 22.676 GC heap after
{Heap after GC invocations=39 (full 0):
 garbage-first heap   total 152576K, used 99949K [0x00000000a0000000, 0x0000000100000000)
  region size 1024K, 5 young (5120K), 5 survivors (5120K)
 Metaspace       used 83266K, committed 84032K, reserved 1179648K
  class space    used 11262K, committed 11584K, reserved 1048576K
}

