# JRE version: OpenJDK Runtime Environment (17.0.9) (build 17.0.9+0--11185874)
# Java VM: OpenJDK 64-Bit Server VM (17.0.9+0--11185874, mixed mode, tiered, compressed oops, compressed class ptrs, g1 gc, windows-amd64)
GC Precious Log:
 CPUs: 4 total, 4 available
 Memory: 7932M
 Large Page Support: Disabled
 NUMA Support: Disabled
 Compressed Oops: Enabled (32-bit)
 Heap Region Size: 1M
 Heap Min Capacity: 8M
 Heap Initial Capacity: 124M
 Heap Max Capacity: 1536M
 Pre-touch: Disabled
 Parallel Workers: 4
 Concurrent Workers: 1
 Concurrent Refinement Workers: 4
 Periodic GC: Disabled
Heap:
 garbage-first heap   total 122880K, used 56853K [0x00000000a0000000, 0x0000000100000000)
  region size 1024K, 3 young (3072K), 1 survivors (1024K)
 Metaspace       used 55290K, committed 55808K, reserved 1114112K
  class space    used 7266K, committed 7488K, reserved 1048576K
GC Heap History (20 events):
Event: 6.007 GC heap before
{Heap before GC invocations=13 (full 0):
 garbage-first heap   total 65536K, used 49892K [0x00000000a0000000, 0x0000000100000000)
  region size 1024K, 24 young (24576K), 2 survivors (2048K)
 Metaspace       used 43660K, committed 43968K, reserved 1114112K
  class space    used 5738K, committed 5888K, reserved 1048576K
}
Event: 6.012 GC heap after
{Heap after GC invocations=14 (full 0):
 garbage-first heap   total 78848K, used 29781K [0x00000000a0000000, 0x0000000100000000)
  region size 1024K, 3 young (3072K), 3 survivors (3072K)
 Metaspace       used 43660K, committed 43968K, reserved 1114112K
  class space    used 5738K, committed 5888K, reserved 1048576K
}
Event: 6.420 GC heap before
{Heap before GC invocations=14 (full 0):
 garbage-first heap   total 78848K, used 60501K [0x00000000a0000000, 0x0000000100000000)
  region size 1024K, 32 young (32768K), 3 survivors (3072K)
 Metaspace       used 46811K, committed 47168K, reserved 1114112K
  class space    used 6138K, committed 6272K, reserved 1048576K
}
Event: 6.429 GC heap after
{Heap after GC invocations=15 (full 0):
 garbage-first heap   total 78848K, used 32579K [0x00000000a0000000, 0x0000000100000000)
  region size 1024K, 3 young (3072K), 3 survivors (3072K)
 Metaspace       used 46811K, committed 47168K, reserved 1114112K
  class space    used 6138K, committed 6272K, reserved 1048576K
}
Event: 6.955 GC heap before
{Heap before GC invocations=15 (full 0):
 garbage-first heap   total 78848K, used 60227K [0x00000000a0000000, 0x0000000100000000)
  region size 1024K, 30 young (30720K), 3 survivors (3072K)
 Metaspace       used 49744K, committed 50240K, reserved 1114112K
  class space    used 6536K, committed 6784K, reserved 1048576K
}
Event: 6.960 GC heap after
{Heap after GC invocations=16 (full 0):
 garbage-first heap   total 78848K, used 34987K [0x00000000a0000000, 0x0000000100000000)
  region size 1024K, 3 young (3072K), 3 survivors (3072K)
 Metaspace       used 49744K, committed 50240K, reserved 1114112K
  class space    used 6536K, committed 6784K, reserved 1048576K
}
Event: 7.551 GC heap before
{Heap before GC invocations=16 (full 0):
 garbage-first heap   total 78848K, used 59563K [0x00000000a0000000, 0x0000000100000000)
  region size 1024K, 28 young (28672K), 3 survivors (3072K)
 Metaspace       used 50610K, committed 51072K, reserved 1114112K
  class space    used 6631K, committed 6848K, reserved 1048576K
}
Event: 7.555 GC heap after
{Heap after GC invocations=17 (full 0):
 garbage-first heap   total 78848K, used 38326K [0x00000000a0000000, 0x0000000100000000)
  region size 1024K, 4 young (4096K), 4 survivors (4096K)
 Metaspace       used 50610K, committed 51072K, reserved 1114112K
  class space    used 6631K, committed 6848K, reserved 1048576K
}
Event: 7.646 GC heap before
{Heap before GC invocations=17 (full 0):
 garbage-first heap   total 78848K, used 42422K [0x00000000a0000000, 0x0000000100000000)
  region size 1024K, 9 young (9216K), 4 survivors (4096K)
 Metaspace       used 50800K, committed 51328K, reserved 1114112K
  class space    used 6656K, committed 6912K, reserved 1048576K
}
Event: 7.650 GC heap after
{Heap after GC invocations=18 (full 0):
 garbage-first heap   total 78848K, used 39218K [0x00000000a0000000, 0x0000000100000000)
  region size 1024K, 2 young (2048K), 2 survivors (2048K)
 Metaspace       used 50800K, committed 51328K, reserved 1114112K
  class space    used 6656K, committed 6912K, reserved 1048576K
}
Event: 7.748 GC heap before
{Heap before GC invocations=19 (full 0):
 garbage-first heap   total 78848K, used 44338K [0x00000000a0000000, 0x0000000100000000)
  region size 1024K, 6 young (6144K), 2 survivors (2048K)
 Metaspace       used 50807K, committed 51328K, reserved 1114112K
  class space    used 6656K, committed 6912K, reserved 1048576K
}
Event: 7.750 GC heap after
{Heap after GC invocations=20 (full 0):
 garbage-first heap   total 78848K, used 44950K [0x00000000a0000000, 0x0000000100000000)
  region size 1024K, 3 young (3072K), 3 survivors (3072K)
 Metaspace       used 50807K, committed 51328K, reserved 1114112K
  class space    used 6656K, committed 6912K, reserved 1048576K
}
Event: 7.925 GC heap before
{Heap before GC invocations=21 (full 0):
 garbage-first heap   total 91136K, used 60310K [0x00000000a0000000, 0x0000000100000000)
  region size 1024K, 13 young (13312K), 3 survivors (3072K)
 Metaspace       used 51465K, committed 51968K, reserved 1114112K
  class space    used 6748K, committed 6976K, reserved 1048576K
}
Event: 7.927 GC heap after
{Heap after GC invocations=22 (full 0):
 garbage-first heap   total 91136K, used 54849K [0x00000000a0000000, 0x0000000100000000)
  region size 1024K, 2 young (2048K), 2 survivors (2048K)
 Metaspace       used 51465K, committed 51968K, reserved 1114112K
  class space    used 6748K, committed 6976K, reserved 1048576K
}
Event: 8.041 GC heap before
{Heap before GC invocations=22 (full 0):
 garbage-first heap   total 91136K, used 65089K [0x00000000a0000000, 0x0000000100000000)
  region size 1024K, 13 young (13312K), 2 survivors (2048K)
 Metaspace       used 52822K, committed 53312K, reserved 1114112K
  class space    used 6946K, committed 7168K, reserved 1048576K
}
Event: 8.042 GC heap after
{Heap after GC invocations=23 (full 0):
 garbage-first heap   total 91136K, used 55319K [0x00000000a0000000, 0x0000000100000000)
  region size 1024K, 1 young (1024K), 1 survivors (1024K)
 Metaspace       used 52822K, committed 53312K, reserved 1114112K
  class space    used 6946K, committed 7168K, reserved 1048576K
}
Event: 8.265 GC heap before
{Heap before GC invocations=24 (full 0):
 garbage-first heap   total 102400K, used 66583K [0x00000000a0000000, 0x0000000100000000)
  region size 1024K, 12 young (12288K), 1 survivors (1024K)
 Metaspace       used 54297K, committed 54848K, reserved 1114112K
  class space    used 7130K, committed 7360K, reserved 1048576K
}
Event: 8.267 GC heap after
{Heap after GC invocations=25 (full 0):
 garbage-first heap   total 102400K, used 55867K [0x00000000a0000000, 0x0000000100000000)
  region size 1024K, 1 young (1024K), 1 survivors (1024K)
 Metaspace       used 54297K, committed 54848K, reserved 1114112K
  class space    used 7130K, committed 7360K, reserved 1048576K
}
Event: 8.346 GC heap before
{Heap before GC invocations=25 (full 0):
 garbage-first heap   total 102400K, used 59963K [0x00000000a0000000, 0x0000000100000000)
  region size 1024K, 5 young (5120K), 1 survivors (1024K)
 Metaspace       used 54956K, committed 55488K, reserved 1114112K
  class space    used 7211K, committed 7424K, reserved 1048576K
}
Event: 8.350 GC heap after
{Heap after GC invocations=26 (full 0):
 garbage-first heap   total 122880K, used 55829K [0x00000000a0000000, 0x0000000100000000)
  region size 1024K, 1 young (1024K), 1 survivors (1024K)
 Metaspace       used 54956K, committed 55488K, reserved 1114112K
  class space    used 7211K, committed 7424K, reserved 1048576K
}

