# JRE version: OpenJDK Runtime Environment (17.0.7) (build 17.0.7+0-b2043.56-10550314)
# Java VM: OpenJDK 64-Bit Server VM (17.0.7+0-b2043.56-10550314, mixed mode, tiered, compressed oops, compressed class ptrs, g1 gc, windows-amd64)
GC Precious Log:
 CPUs: 4 total, 4 available
 Memory: 7932M
 Large Page Support: Disabled
 NUMA Support: Disabled
 Compressed Oops: Enabled (32-bit)
 Heap Region Size: 1M
 Heap Min Capacity: 8M
 Heap Initial Capacity: 124M
 Heap Max Capacity: 1536M
 Pre-touch: Disabled
 Parallel Workers: 4
 Concurrent Workers: 1
 Concurrent Refinement Workers: 4
 Periodic GC: Disabled
Heap:
 garbage-first heap   total 365568K, used 181142K [0x00000000a0000000, 0x0000000100000000)
  region size 1024K, 43 young (44032K), 20 survivors (20480K)
 Metaspace       used 104261K, committed 105408K, reserved 1179648K
  class space    used 14090K, committed 14592K, reserved 1048576K
GC Heap History (20 events):
Event: 17.542 GC heap before
{Heap before GC invocations=24 (full 0):
 garbage-first heap   total 163840K, used 131669K [0x00000000a0000000, 0x0000000100000000)
  region size 1024K, 53 young (54272K), 4 survivors (4096K)
 Metaspace       used 80303K, committed 80960K, reserved 1179648K
  class space    used 10796K, committed 11136K, reserved 1048576K
}
Event: 17.550 GC heap after
{Heap after GC invocations=25 (full 0):
 garbage-first heap   total 163840K, used 86255K [0x00000000a0000000, 0x0000000100000000)
  region size 1024K, 7 young (7168K), 7 survivors (7168K)
 Metaspace       used 80303K, committed 80960K, reserved 1179648K
  class space    used 10796K, committed 11136K, reserved 1048576K
}
Event: 17.559 GC heap before
{Heap before GC invocations=25 (full 0):
 garbage-first heap   total 163840K, used 87279K [0x00000000a0000000, 0x0000000100000000)
  region size 1024K, 8 young (8192K), 7 survivors (7168K)
 Metaspace       used 80325K, committed 81024K, reserved 1179648K
  class space    used 10797K, committed 11136K, reserved 1048576K
}
Event: 17.566 GC heap after
{Heap after GC invocations=26 (full 0):
 garbage-first heap   total 163840K, used 86989K [0x00000000a0000000, 0x0000000100000000)
  region size 1024K, 1 young (1024K), 1 survivors (1024K)
 Metaspace       used 80325K, committed 81024K, reserved 1179648K
  class space    used 10797K, committed 11136K, reserved 1048576K
}
Event: 18.464 GC heap before
{Heap before GC invocations=26 (full 0):
 garbage-first heap   total 163840K, used 137165K [0x00000000a0000000, 0x0000000100000000)
  region size 1024K, 47 young (48128K), 1 survivors (1024K)
 Metaspace       used 84027K, committed 84736K, reserved 1179648K
  class space    used 11408K, committed 11712K, reserved 1048576K
}
Event: 18.471 GC heap after
{Heap after GC invocations=27 (full 0):
 garbage-first heap   total 163840K, used 97187K [0x00000000a0000000, 0x0000000100000000)
  region size 1024K, 6 young (6144K), 6 survivors (6144K)
 Metaspace       used 84027K, committed 84736K, reserved 1179648K
  class space    used 11408K, committed 11712K, reserved 1048576K
}
Event: 18.865 GC heap before
{Heap before GC invocations=28 (full 0):
 garbage-first heap   total 176128K, used 132003K [0x00000000a0000000, 0x0000000100000000)
  region size 1024K, 40 young (40960K), 6 survivors (6144K)
 Metaspace       used 84647K, committed 85376K, reserved 1179648K
  class space    used 11459K, committed 11776K, reserved 1048576K
}
Event: 18.872 GC heap after
{Heap after GC invocations=29 (full 0):
 garbage-first heap   total 176128K, used 99308K [0x00000000a0000000, 0x0000000100000000)
  region size 1024K, 2 young (2048K), 2 survivors (2048K)
 Metaspace       used 84647K, committed 85376K, reserved 1179648K
  class space    used 11459K, committed 11776K, reserved 1048576K
}
Event: 18.915 GC heap before
{Heap before GC invocations=29 (full 0):
 garbage-first heap   total 176128K, used 105452K [0x00000000a0000000, 0x0000000100000000)
  region size 1024K, 8 young (8192K), 2 survivors (2048K)
 Metaspace       used 84649K, committed 85376K, reserved 1179648K
  class space    used 11459K, committed 11776K, reserved 1048576K
}
Event: 18.918 GC heap after
{Heap after GC invocations=30 (full 0):
 garbage-first heap   total 176128K, used 98718K [0x00000000a0000000, 0x0000000100000000)
  region size 1024K, 1 young (1024K), 1 survivors (1024K)
 Metaspace       used 84649K, committed 85376K, reserved 1179648K
  class space    used 11459K, committed 11776K, reserved 1048576K
}
Event: 19.766 GC heap before
{Heap before GC invocations=30 (full 0):
 garbage-first heap   total 176128K, used 143774K [0x00000000a0000000, 0x0000000100000000)
  region size 1024K, 45 young (46080K), 1 survivors (1024K)
 Metaspace       used 87683K, committed 88448K, reserved 1179648K
  class space    used 11835K, committed 12160K, reserved 1048576K
}
Event: 19.773 GC heap after
{Heap after GC invocations=31 (full 0):
 garbage-first heap   total 176128K, used 102877K [0x00000000a0000000, 0x0000000100000000)
  region size 1024K, 5 young (5120K), 5 survivors (5120K)
 Metaspace       used 87683K, committed 88448K, reserved 1179648K
  class space    used 11835K, committed 12160K, reserved 1048576K
}
Event: 20.198 GC heap before
{Heap before GC invocations=31 (full 0):
 garbage-first heap   total 176128K, used 142813K [0x00000000a0000000, 0x0000000100000000)
  region size 1024K, 45 young (46080K), 5 survivors (5120K)
 Metaspace       used 88653K, committed 89472K, reserved 1179648K
  class space    used 11998K, committed 12352K, reserved 1048576K
}
Event: 20.207 GC heap after
{Heap after GC invocations=32 (full 0):
 garbage-first heap   total 176128K, used 106770K [0x00000000a0000000, 0x0000000100000000)
  region size 1024K, 4 young (4096K), 4 survivors (4096K)
 Metaspace       used 88653K, committed 89472K, reserved 1179648K
  class space    used 11998K, committed 12352K, reserved 1048576K
}
Event: 20.552 GC heap before
{Heap before GC invocations=32 (full 0):
 garbage-first heap   total 176128K, used 144658K [0x00000000a0000000, 0x0000000100000000)
  region size 1024K, 41 young (41984K), 4 survivors (4096K)
 Metaspace       used 89099K, committed 89984K, reserved 1179648K
  class space    used 12039K, committed 12416K, reserved 1048576K
}
Event: 20.562 GC heap after
{Heap after GC invocations=33 (full 0):
 garbage-first heap   total 365568K, used 109233K [0x00000000a0000000, 0x0000000100000000)
  region size 1024K, 3 young (3072K), 3 survivors (3072K)
 Metaspace       used 89099K, committed 89984K, reserved 1179648K
  class space    used 12039K, committed 12416K, reserved 1048576K
}
Event: 23.939 GC heap before
{Heap before GC invocations=33 (full 0):
 garbage-first heap   total 365568K, used 295601K [0x00000000a0000000, 0x0000000100000000)
  region size 1024K, 184 young (188416K), 3 survivors (3072K)
 Metaspace       used 98930K, committed 99968K, reserved 1179648K
  class space    used 13399K, committed 13824K, reserved 1048576K
}
Event: 23.967 GC heap after
{Heap after GC invocations=34 (full 0):
 garbage-first heap   total 365568K, used 135147K [0x00000000a0000000, 0x0000000100000000)
  region size 1024K, 23 young (23552K), 23 survivors (23552K)
 Metaspace       used 98930K, committed 99968K, reserved 1179648K
  class space    used 13399K, committed 13824K, reserved 1048576K
}
Event: 25.997 GC heap before
{Heap before GC invocations=34 (full 0):
 garbage-first heap   total 365568K, used 268267K [0x00000000a0000000, 0x0000000100000000)
  region size 1024K, 153 young (156672K), 23 survivors (23552K)
 Metaspace       used 103724K, committed 104896K, reserved 1179648K
  class space    used 13995K, committed 14464K, reserved 1048576K
}
Event: 26.043 GC heap after
{Heap after GC invocations=35 (full 0):
 garbage-first heap   total 365568K, used 158614K [0x00000000a0000000, 0x0000000100000000)
  region size 1024K, 20 young (20480K), 20 survivors (20480K)
 Metaspace       used 103724K, committed 104896K, reserved 1179648K
  class space    used 13995K, committed 14464K, reserved 1048576K
}

