# JRE version: OpenJDK Runtime Environment (17.0.9) (build 17.0.9+0--11185874)
# Java VM: OpenJDK 64-Bit Server VM (17.0.9+0--11185874, mixed mode, tiered, compressed oops, compressed class ptrs, g1 gc, windows-amd64)
GC Precious Log:
 CPUs: 4 total, 4 available
 Memory: 7932M
 Large Page Support: Disabled
 NUMA Support: Disabled
 Compressed Oops: Enabled (32-bit)
 Heap Region Size: 1M
 Heap Min Capacity: 8M
 Heap Initial Capacity: 124M
 Heap Max Capacity: 1536M
 Pre-touch: Disabled
 Parallel Workers: 4
 Concurrent Workers: 1
 Concurrent Refinement Workers: 4
 Periodic GC: Disabled
Heap:
 garbage-first heap   total 283648K, used 248808K [0x00000000a0000000, 0x0000000100000000)
  region size 1024K, 44 young (45056K), 5 survivors (5120K)
 Metaspace       used 115958K, committed 117312K, reserved 1179648K
  class space    used 15561K, committed 16128K, reserved 1048576K
GC Heap History (20 events):
Event: 30.324 GC heap before
{Heap before GC invocations=50 (full 0):
 garbage-first heap   total 283648K, used 225280K [0x00000000a0000000, 0x0000000100000000)
  region size 1024K, 61 young (62464K), 9 survivors (9216K)
 Metaspace       used 100100K, committed 101312K, reserved 1179648K
  class space    used 13515K, committed 14016K, reserved 1048576K
}
Event: 30.350 GC heap after
{Heap after GC invocations=51 (full 0):
 garbage-first heap   total 283648K, used 182112K [0x00000000a0000000, 0x0000000100000000)
  region size 1024K, 8 young (8192K), 8 survivors (8192K)
 Metaspace       used 100100K, committed 101312K, reserved 1179648K
  class space    used 13515K, committed 14016K, reserved 1048576K
}
Event: 30.831 GC heap before
{Heap before GC invocations=51 (full 0):
 garbage-first heap   total 283648K, used 231264K [0x00000000a0000000, 0x0000000100000000)
  region size 1024K, 55 young (56320K), 8 survivors (8192K)
 Metaspace       used 100935K, committed 102144K, reserved 1179648K
  class space    used 13662K, committed 14144K, reserved 1048576K
}
Event: 30.848 GC heap after
{Heap after GC invocations=52 (full 0):
 garbage-first heap   total 283648K, used 186368K [0x00000000a0000000, 0x0000000100000000)
  region size 1024K, 2 young (2048K), 2 survivors (2048K)
 Metaspace       used 100935K, committed 102144K, reserved 1179648K
  class space    used 13662K, committed 14144K, reserved 1048576K
}
Event: 30.997 GC heap before
{Heap before GC invocations=52 (full 0):
 garbage-first heap   total 283648K, used 234496K [0x00000000a0000000, 0x0000000100000000)
  region size 1024K, 49 young (50176K), 2 survivors (2048K)
 Metaspace       used 100936K, committed 102144K, reserved 1179648K
  class space    used 13662K, committed 14144K, reserved 1048576K
}
Event: 31.000 GC heap after
{Heap after GC invocations=53 (full 0):
 garbage-first heap   total 283648K, used 187015K [0x00000000a0000000, 0x0000000100000000)
  region size 1024K, 3 young (3072K), 3 survivors (3072K)
 Metaspace       used 100936K, committed 102144K, reserved 1179648K
  class space    used 13662K, committed 14144K, reserved 1048576K
}
Event: 31.170 GC heap before
{Heap before GC invocations=53 (full 0):
 garbage-first heap   total 283648K, used 237191K [0x00000000a0000000, 0x0000000100000000)
  region size 1024K, 52 young (53248K), 3 survivors (3072K)
 Metaspace       used 100939K, committed 102144K, reserved 1179648K
  class space    used 13662K, committed 14144K, reserved 1048576K
}
Event: 31.174 GC heap after
{Heap after GC invocations=54 (full 0):
 garbage-first heap   total 283648K, used 187765K [0x00000000a0000000, 0x0000000100000000)
  region size 1024K, 4 young (4096K), 4 survivors (4096K)
 Metaspace       used 100939K, committed 102144K, reserved 1179648K
  class space    used 13662K, committed 14144K, reserved 1048576K
}
Event: 32.310 GC heap before
{Heap before GC invocations=54 (full 0):
 garbage-first heap   total 283648K, used 243061K [0x00000000a0000000, 0x0000000100000000)
  region size 1024K, 55 young (56320K), 4 survivors (4096K)
 Metaspace       used 107547K, committed 108800K, reserved 1179648K
  class space    used 14496K, committed 15040K, reserved 1048576K
}
Event: 32.319 GC heap after
{Heap after GC invocations=55 (full 0):
 garbage-first heap   total 283648K, used 187676K [0x00000000a0000000, 0x0000000100000000)
  region size 1024K, 6 young (6144K), 6 survivors (6144K)
 Metaspace       used 107547K, committed 108800K, reserved 1179648K
  class space    used 14496K, committed 15040K, reserved 1048576K
}
Event: 34.637 GC heap before
{Heap before GC invocations=55 (full 0):
 garbage-first heap   total 283648K, used 239900K [0x00000000a0000000, 0x0000000100000000)
  region size 1024K, 57 young (58368K), 6 survivors (6144K)
 Metaspace       used 111663K, committed 112960K, reserved 1179648K
  class space    used 15017K, committed 15552K, reserved 1048576K
}
Event: 34.653 GC heap after
{Heap after GC invocations=56 (full 0):
 garbage-first heap   total 283648K, used 191820K [0x00000000a0000000, 0x0000000100000000)
  region size 1024K, 8 young (8192K), 8 survivors (8192K)
 Metaspace       used 111663K, committed 112960K, reserved 1179648K
  class space    used 15017K, committed 15552K, reserved 1048576K
}
Event: 35.203 GC heap before
{Heap before GC invocations=56 (full 0):
 garbage-first heap   total 283648K, used 241995K [0x00000000a0000000, 0x0000000100000000)
  region size 1024K, 56 young (57344K), 8 survivors (8192K)
 Metaspace       used 111788K, committed 113088K, reserved 1179648K
  class space    used 15020K, committed 15552K, reserved 1048576K
}
Event: 35.220 GC heap after
{Heap after GC invocations=57 (full 0):
 garbage-first heap   total 283648K, used 194608K [0x00000000a0000000, 0x0000000100000000)
  region size 1024K, 3 young (3072K), 3 survivors (3072K)
 Metaspace       used 111788K, committed 113088K, reserved 1179648K
  class space    used 15020K, committed 15552K, reserved 1048576K
}
Event: 36.423 GC heap before
{Heap before GC invocations=57 (full 0):
 garbage-first heap   total 283648K, used 240687K [0x00000000a0000000, 0x0000000100000000)
  region size 1024K, 49 young (50176K), 3 survivors (3072K)
 Metaspace       used 115508K, committed 116800K, reserved 1179648K
  class space    used 15523K, committed 16064K, reserved 1048576K
}
Event: 36.430 GC heap after
{Heap after GC invocations=58 (full 0):
 garbage-first heap   total 283648K, used 197848K [0x00000000a0000000, 0x0000000100000000)
  region size 1024K, 7 young (7168K), 7 survivors (7168K)
 Metaspace       used 115508K, committed 116800K, reserved 1179648K
  class space    used 15523K, committed 16064K, reserved 1048576K
}
Event: 36.910 GC heap before
{Heap before GC invocations=58 (full 0):
 garbage-first heap   total 283648K, used 242904K [0x00000000a0000000, 0x0000000100000000)
  region size 1024K, 49 young (50176K), 7 survivors (7168K)
 Metaspace       used 115893K, committed 117248K, reserved 1179648K
  class space    used 15561K, committed 16128K, reserved 1048576K
}
Event: 36.919 GC heap after
{Heap after GC invocations=59 (full 0):
 garbage-first heap   total 283648K, used 200502K [0x00000000a0000000, 0x0000000100000000)
  region size 1024K, 4 young (4096K), 4 survivors (4096K)
 Metaspace       used 115893K, committed 117248K, reserved 1179648K
  class space    used 15561K, committed 16128K, reserved 1048576K
}
Event: 37.611 GC heap before
{Heap before GC invocations=59 (full 0):
 garbage-first heap   total 283648K, used 243510K [0x00000000a0000000, 0x0000000100000000)
  region size 1024K, 45 young (46080K), 4 survivors (4096K)
 Metaspace       used 115957K, committed 117312K, reserved 1179648K
  class space    used 15561K, committed 16128K, reserved 1048576K
}
Event: 37.615 GC heap after
{Heap after GC invocations=60 (full 0):
 garbage-first heap   total 283648K, used 201704K [0x00000000a0000000, 0x0000000100000000)
  region size 1024K, 5 young (5120K), 5 survivors (5120K)
 Metaspace       used 115957K, committed 117312K, reserved 1179648K
  class space    used 15561K, committed 16128K, reserved 1048576K
}

