# JRE version: OpenJDK Runtime Environment (17.0.9) (build 17.0.9+0--11185874)
# Java VM: OpenJDK 64-Bit Server VM (17.0.9+0--11185874, mixed mode, tiered, compressed oops, compressed class ptrs, g1 gc, windows-amd64)
GC Precious Log:
 CPUs: 4 total, 4 available
 Memory: 7932M
 Large Page Support: Disabled
 NUMA Support: Disabled
 Compressed Oops: Enabled (32-bit)
 Heap Region Size: 1M
 Heap Min Capacity: 8M
 Heap Initial Capacity: 124M
 Heap Max Capacity: 1536M
 Pre-touch: Disabled
 Parallel Workers: 4
 Concurrent Workers: 1
 Concurrent Refinement Workers: 4
 Periodic GC: Disabled
Heap:
 garbage-first heap   total 375808K, used 202291K [0x00000000a0000000, 0x0000000100000000)
  region size 1024K, 4 young (4096K), 3 survivors (3072K)
 Metaspace       used 123860K, committed 125184K, reserved 1179648K
  class space    used 16466K, committed 17024K, reserved 1048576K
GC Heap History (20 events):
Event: 23.015 GC heap after
{Heap after GC invocations=50 (full 0):
 garbage-first heap   total 294912K, used 203356K [0x00000000a0000000, 0x0000000100000000)
  region size 1024K, 3 young (3072K), 3 survivors (3072K)
 Metaspace       used 112669K, committed 113920K, reserved 1179648K
  class space    used 15146K, committed 15680K, reserved 1048576K
}
Event: 23.126 GC heap before
{Heap before GC invocations=50 (full 0):
 garbage-first heap   total 294912K, used 254556K [0x00000000a0000000, 0x0000000100000000)
  region size 1024K, 53 young (54272K), 3 survivors (3072K)
 Metaspace       used 112935K, committed 114240K, reserved 1179648K
  class space    used 15174K, committed 15744K, reserved 1048576K
}
Event: 23.132 GC heap after
{Heap after GC invocations=51 (full 0):
 garbage-first heap   total 294912K, used 205757K [0x00000000a0000000, 0x0000000100000000)
  region size 1024K, 5 young (5120K), 5 survivors (5120K)
 Metaspace       used 112935K, committed 114240K, reserved 1179648K
  class space    used 15174K, committed 15744K, reserved 1048576K
}
Event: 23.219 GC heap before
{Heap before GC invocations=51 (full 0):
 garbage-first heap   total 294912K, used 254909K [0x00000000a0000000, 0x0000000100000000)
  region size 1024K, 53 young (54272K), 5 survivors (5120K)
 Metaspace       used 112941K, committed 114240K, reserved 1179648K
  class space    used 15174K, committed 15744K, reserved 1048576K
}
Event: 23.221 GC heap after
{Heap after GC invocations=52 (full 0):
 garbage-first heap   total 294912K, used 205525K [0x00000000a0000000, 0x0000000100000000)
  region size 1024K, 3 young (3072K), 3 survivors (3072K)
 Metaspace       used 112941K, committed 114240K, reserved 1179648K
  class space    used 15174K, committed 15744K, reserved 1048576K
}
Event: 23.349 GC heap before
{Heap before GC invocations=52 (full 0):
 garbage-first heap   total 294912K, used 256725K [0x00000000a0000000, 0x0000000100000000)
  region size 1024K, 53 young (54272K), 3 survivors (3072K)
 Metaspace       used 112955K, committed 114240K, reserved 1179648K
  class space    used 15174K, committed 15744K, reserved 1048576K
}
Event: 23.352 GC heap after
{Heap after GC invocations=53 (full 0):
 garbage-first heap   total 294912K, used 207567K [0x00000000a0000000, 0x0000000100000000)
  region size 1024K, 5 young (5120K), 5 survivors (5120K)
 Metaspace       used 112955K, committed 114240K, reserved 1179648K
  class space    used 15174K, committed 15744K, reserved 1048576K
}
Event: 23.489 GC heap before
{Heap before GC invocations=53 (full 0):
 garbage-first heap   total 294912K, used 256719K [0x00000000a0000000, 0x0000000100000000)
  region size 1024K, 53 young (54272K), 5 survivors (5120K)
 Metaspace       used 113004K, committed 114304K, reserved 1179648K
  class space    used 15174K, committed 15744K, reserved 1048576K
}
Event: 23.492 GC heap after
{Heap after GC invocations=54 (full 0):
 garbage-first heap   total 294912K, used 208467K [0x00000000a0000000, 0x0000000100000000)
  region size 1024K, 5 young (5120K), 5 survivors (5120K)
 Metaspace       used 113004K, committed 114304K, reserved 1179648K
  class space    used 15174K, committed 15744K, reserved 1048576K
}
Event: 25.102 GC heap before
{Heap before GC invocations=54 (full 0):
 garbage-first heap   total 294912K, used 257619K [0x00000000a0000000, 0x0000000100000000)
  region size 1024K, 52 young (53248K), 5 survivors (5120K)
 Metaspace       used 113169K, committed 114432K, reserved 1179648K
  class space    used 15181K, committed 15744K, reserved 1048576K
}
Event: 25.105 GC heap after
{Heap after GC invocations=55 (full 0):
 garbage-first heap   total 294912K, used 210450K [0x00000000a0000000, 0x0000000100000000)
  region size 1024K, 6 young (6144K), 6 survivors (6144K)
 Metaspace       used 113169K, committed 114432K, reserved 1179648K
  class space    used 15181K, committed 15744K, reserved 1048576K
}
Event: 25.153 GC heap before
{Heap before GC invocations=55 (full 0):
 garbage-first heap   total 294912K, used 255506K [0x00000000a0000000, 0x0000000100000000)
  region size 1024K, 51 young (52224K), 6 survivors (6144K)
 Metaspace       used 113169K, committed 114432K, reserved 1179648K
  class space    used 15181K, committed 15744K, reserved 1048576K
}
Event: 25.155 GC heap after
{Heap after GC invocations=56 (full 0):
 garbage-first heap   total 294912K, used 211146K [0x00000000a0000000, 0x0000000100000000)
  region size 1024K, 3 young (3072K), 3 survivors (3072K)
 Metaspace       used 113169K, committed 114432K, reserved 1179648K
  class space    used 15181K, committed 15744K, reserved 1048576K
}
Event: 25.821 GC heap before
{Heap before GC invocations=56 (full 0):
 garbage-first heap   total 294912K, used 257226K [0x00000000a0000000, 0x0000000100000000)
  region size 1024K, 49 young (50176K), 3 survivors (3072K)
 Metaspace       used 120227K, committed 121536K, reserved 1179648K
  class space    used 16076K, committed 16640K, reserved 1048576K
}
Event: 25.826 GC heap after
{Heap after GC invocations=57 (full 0):
 garbage-first heap   total 294912K, used 212045K [0x00000000a0000000, 0x0000000100000000)
  region size 1024K, 4 young (4096K), 4 survivors (4096K)
 Metaspace       used 120227K, committed 121536K, reserved 1179648K
  class space    used 16076K, committed 16640K, reserved 1048576K
}
Event: 25.934 GC heap before
{Heap before GC invocations=57 (full 0):
 garbage-first heap   total 294912K, used 224333K [0x00000000a0000000, 0x0000000100000000)
  region size 1024K, 15 young (15360K), 4 survivors (4096K)
 Metaspace       used 120333K, committed 121600K, reserved 1179648K
  class space    used 16083K, committed 16640K, reserved 1048576K
}
Event: 25.939 GC heap after
{Heap after GC invocations=58 (full 0):
 garbage-first heap   total 294912K, used 217113K [0x00000000a0000000, 0x0000000100000000)
  region size 1024K, 6 young (6144K), 6 survivors (6144K)
 Metaspace       used 120333K, committed 121600K, reserved 1179648K
  class space    used 16083K, committed 16640K, reserved 1048576K
}
Event: 27.200 GC heap before
{Heap before GC invocations=59 (full 0):
 garbage-first heap   total 375808K, used 244761K [0x00000000a0000000, 0x0000000100000000)
  region size 1024K, 36 young (36864K), 6 survivors (6144K)
 Metaspace       used 123436K, committed 124736K, reserved 1179648K
  class space    used 16434K, committed 16960K, reserved 1048576K
}
Event: 27.205 GC heap after
{Heap after GC invocations=60 (full 0):
 garbage-first heap   total 375808K, used 210838K [0x00000000a0000000, 0x0000000100000000)
  region size 1024K, 2 young (2048K), 2 survivors (2048K)
 Metaspace       used 123436K, committed 124736K, reserved 1179648K
  class space    used 16434K, committed 16960K, reserved 1048576K
}
Event: 27.569 GC heap before
{Heap before GC invocations=60 (full 0):
 garbage-first heap   total 375808K, used 226198K [0x00000000a0000000, 0x0000000100000000)
  region size 1024K, 18 young (18432K), 2 survivors (2048K)
 Metaspace       used 123854K, committed 125184K, reserved 1179648K
  class space    used 16466K, committed 17024K, reserved 1048576K
}

